<?xml version="1.0" encoding="UTF-8"?>
<!-- Generated by org.testng.reporters.JUnitReportReporter -->
<testsuite hostname="Lashya" failures="0" tests="1" name="AppiumProject.EcommercePage1" time="37.526" errors="0" timestamp="2021-12-29T21:26:39 IST" skipped="0">
  <testcase classname="AppiumProject.EcommercePage1" name="page1" time="37.526"/>
  <system-out/>
</testsuite> <!-- AppiumProject.EcommercePage1 -->
