<?xml version="1.0" encoding="UTF-8"?>
<!-- Generated by org.testng.reporters.JUnitReportReporter -->
<testsuite hostname="Lashya" failures="0" tests="1" name="AppiumProject.EcommerceWebview" time="45.755" errors="0" timestamp="2021-12-29T21:26:39 IST" skipped="0">
  <testcase classname="AppiumProject.EcommerceWebview" name="ecommerce" time="45.755"/>
  <system-out/>
</testsuite> <!-- AppiumProject.EcommerceWebview -->
